<?xml version="1.0" encoding="UTF-8"?>
<testsuite xmlns:xsi="http://www.w3.org/2001/XMLSchema-instance" xsi:noNamespaceSchemaLocation="https://maven.apache.org/surefire/maven-surefire-plugin/xsd/surefire-test-report.xsd" name="pl.edu.wszib.kotarba.garbage.management.model.DumpsterTest" time="0.045" tests="2" errors="0" skipped="0" failures="0">
  <properties>
[...]
</properties>
  <testcase name="emptyDumpsterGetSumTest" classname="pl.edu.wszib.kotarba.garbage.management.model.DumpsterTest" time="0.004"/>
  <testcase name="threePositionsGetSumTest" classname="pl.edu.wszib.kotarba.garbage.management.model.DumpsterTest" time="0"/>
</testsuite>